# JRE version: Java(TM) SE Runtime Environment (8.0_151-b12) (build 1.8.0_151-b12)
# Java VM: Java HotSpot(TM) 64-Bit Server VM (25.151-b12 mixed mode linux-amd64 compressed oops)
Heap:
 PSYoungGen      total 238080K, used 52201K [0x00000000eab00000, 0x0000000100000000, 0x0000000100000000)
  eden space 169984K, 0% used [0x00000000eab00000,0x00000000eab00000,0x00000000f5100000)
  from space 68096K, 76% used [0x00000000fbd80000,0x00000000ff07a460,0x0000000100000000)
  to   space 89600K, 0% used [0x00000000f5100000,0x00000000f5100000,0x00000000fa880000)
 ParOldGen       total 230400K, used 230150K [0x00000000c0000000, 0x00000000ce100000, 0x00000000eab00000)
  object space 230400K, 99% used [0x00000000c0000000,0x00000000ce0c19c8,0x00000000ce100000)
 Metaspace       used 6669K, capacity 7320K, committed 7680K, reserved 1056768K
  class space    used 630K, capacity 656K, committed 768K, reserved 1048576K
GC Heap History (10 events):
Event: 21.920 GC heap after
Heap after GC invocations=17 (full 3):
 PSYoungGen      total 243200K, used 27718K [0x00000000eab00000, 0x00000000fd380000, 0x0000000100000000)
  eden space 203264K, 0% used [0x00000000eab00000,0x00000000eab00000,0x00000000f7180000)
  from space 39936K, 69% used [0x00000000fac80000,0x00000000fc791820,0x00000000fd380000)
  to   space 50176K, 0% used [0x00000000f7180000,0x00000000f7180000,0x00000000fa280000)
 ParOldGen       total 224768K, used 138210K [0x00000000c0000000, 0x00000000cdb80000, 0x00000000eab00000)
  object space 224768K, 61% used [0x00000000c0000000,0x00000000c86f8a18,0x00000000cdb80000)
 Metaspace       used 6642K, capacity 7320K, committed 7680K, reserved 1056768K
  class space    used 630K, capacity 656K, committed 768K, reserved 1048576K
}
Event: 23.722 GC heap before
{Heap before GC invocations=18 (full 3):
 PSYoungGen      total 243200K, used 230982K [0x00000000eab00000, 0x00000000fd380000, 0x0000000100000000)
  eden space 203264K, 100% used [0x00000000eab00000,0x00000000f7180000,0x00000000f7180000)
  from space 39936K, 69% used [0x00000000fac80000,0x00000000fc791820,0x00000000fd380000)
  to   space 50176K, 0% used [0x00000000f7180000,0x00000000f7180000,0x00000000fa280000)
 ParOldGen       total 224768K, used 138210K [0x00000000c0000000, 0x00000000cdb80000, 0x00000000eab00000)
  object space 224768K, 61% used [0x00000000c0000000,0x00000000c86f8a18,0x00000000cdb80000)
 Metaspace       used 6653K, capacity 7320K, committed 7680K, reserved 1056768K
  class space    used 630K, capacity 656K, committed 768K, reserved 1048576K
Event: 23.964 GC heap after
Heap after GC invocations=18 (full 3):
 PSYoungGen      total 253440K, used 50158K [0x00000000eab00000, 0x0000000100000000, 0x0000000100000000)
  eden space 203264K, 0% used [0x00000000eab00000,0x00000000eab00000,0x00000000f7180000)
  from space 50176K, 99% used [0x00000000f7180000,0x00000000fa27b988,0x00000000fa280000)
  to   space 60416K, 0% used [0x00000000fc500000,0x00000000fc500000,0x0000000100000000)
 ParOldGen       total 224768K, used 144143K [0x00000000c0000000, 0x00000000cdb80000, 0x00000000eab00000)
  object space 224768K, 64% used [0x00000000c0000000,0x00000000c8cc3e00,0x00000000cdb80000)
 Metaspace       used 6653K, capacity 7320K, committed 7680K, reserved 1056768K
  class space    used 630K, capacity 656K, committed 768K, reserved 1048576K
}
Event: 25.414 GC heap before
{Heap before GC invocations=19 (full 3):
 PSYoungGen      total 253440K, used 253422K [0x00000000eab00000, 0x0000000100000000, 0x0000000100000000)
  eden space 203264K, 100% used [0x00000000eab00000,0x00000000f7180000,0x00000000f7180000)
  from space 50176K, 99% used [0x00000000f7180000,0x00000000fa27b988,0x00000000fa280000)
  to   space 60416K, 0% used [0x00000000fc500000,0x00000000fc500000,0x0000000100000000)
 ParOldGen       total 224768K, used 144143K [0x00000000c0000000, 0x00000000cdb80000, 0x00000000eab00000)
  object space 224768K, 64% used [0x00000000c0000000,0x00000000c8cc3e00,0x00000000cdb80000)
 Metaspace       used 6658K, capacity 7320K, committed 7680K, reserved 1056768K
  class space    used 630K, capacity 656K, committed 768K, reserved 1048576K
Event: 25.745 GC heap after
Heap after GC invocations=19 (full 3):
 PSYoungGen      total 273408K, used 55454K [0x00000000eab00000, 0x0000000100000000, 0x0000000100000000)
  eden space 212992K, 0% used [0x00000000eab00000,0x00000000eab00000,0x00000000f7b00000)
  from space 60416K, 91% used [0x00000000fc500000,0x00000000ffb27988,0x0000000100000000)
  to   space 68096K, 0% used [0x00000000f7b00000,0x00000000f7b00000,0x00000000fbd80000)
 ParOldGen       total 224768K, used 169954K [0x00000000c0000000, 0x00000000cdb80000, 0x00000000eab00000)
  object space 224768K, 75% used [0x00000000c0000000,0x00000000ca5f8838,0x00000000cdb80000)
 Metaspace       used 6658K, capacity 7320K, committed 7680K, reserved 1056768K
  class space    used 630K, capacity 656K, committed 768K, reserved 1048576K
}
Event: 27.164 GC heap before
{Heap before GC invocations=20 (full 3):
 PSYoungGen      total 273408K, used 268446K [0x00000000eab00000, 0x0000000100000000, 0x0000000100000000)
  eden space 212992K, 100% used [0x00000000eab00000,0x00000000f7b00000,0x00000000f7b00000)
  from space 60416K, 91% used [0x00000000fc500000,0x00000000ffb27988,0x0000000100000000)
  to   space 68096K, 0% used [0x00000000f7b00000,0x00000000f7b00000,0x00000000fbd80000)
 ParOldGen       total 224768K, used 169954K [0x00000000c0000000, 0x00000000cdb80000, 0x00000000eab00000)
  object space 224768K, 75% used [0x00000000c0000000,0x00000000ca5f8838,0x00000000cdb80000)
 Metaspace       used 6664K, capacity 7320K, committed 7680K, reserved 1056768K
  class space    used 630K, capacity 656K, committed 768K, reserved 1048576K
Event: 27.418 GC heap after
Heap after GC invocations=20 (full 3):
 PSYoungGen      total 281088K, used 68064K [0x00000000eab00000, 0x0000000100000000, 0x0000000100000000)
  eden space 212992K, 0% used [0x00000000eab00000,0x00000000eab00000,0x00000000f7b00000)
  from space 68096K, 99% used [0x00000000f7b00000,0x00000000fbd78168,0x00000000fbd80000)
  to   space 68096K, 0% used [0x00000000fbd80000,0x00000000fbd80000,0x0000000100000000)
 ParOldGen       total 224768K, used 186537K [0x00000000c0000000, 0x00000000cdb80000, 0x00000000eab00000)
  object space 224768K, 82% used [0x00000000c0000000,0x00000000cb62a418,0x00000000cdb80000)
 Metaspace       used 6664K, capacity 7320K, committed 7680K, reserved 1056768K
  class space    used 630K, capacity 656K, committed 768K, reserved 1048576K
}
Event: 28.518 GC heap before
{Heap before GC invocations=21 (full 3):
 PSYoungGen      total 281088K, used 281056K [0x00000000eab00000, 0x0000000100000000, 0x0000000100000000)
  eden space 212992K, 100% used [0x00000000eab00000,0x00000000f7b00000,0x00000000f7b00000)
  from space 68096K, 99% used [0x00000000f7b00000,0x00000000fbd78168,0x00000000fbd80000)
  to   space 68096K, 0% used [0x00000000fbd80000,0x00000000fbd80000,0x0000000100000000)
 ParOldGen       total 224768K, used 186537K [0x00000000c0000000, 0x00000000cdb80000, 0x00000000eab00000)
  object space 224768K, 82% used [0x00000000c0000000,0x00000000cb62a418,0x00000000cdb80000)
 Metaspace       used 6669K, capacity 7320K, committed 7680K, reserved 1056768K
  class space    used 630K, capacity 656K, committed 768K, reserved 1048576K
Event: 31.253 GC heap after
Heap after GC invocations=21 (full 3):
 PSYoungGen      total 238080K, used 58303K [0x00000000eab00000, 0x0000000100000000, 0x0000000100000000)
  eden space 169984K, 0% used [0x00000000eab00000,0x00000000eab00000,0x00000000f5100000)
  from space 68096K, 85% used [0x00000000fbd80000,0x00000000ff66fce0,0x0000000100000000)
  to   space 89600K, 0% used [0x00000000f5100000,0x00000000f5100000,0x00000000fa880000)
 ParOldGen       total 230400K, used 229823K [0x00000000c0000000, 0x00000000ce100000, 0x00000000eab00000)
  object space 230400K, 99% used [0x00000000c0000000,0x00000000ce06ff70,0x00000000ce100000)
 Metaspace       used 6669K, capacity 7320K, committed 7680K, reserved 1056768K
  class space    used 630K, capacity 656K, committed 768K, reserved 1048576K
}
Event: 31.423 GC heap before
{Heap before GC invocations=22 (full 4):
 PSYoungGen      total 238080K, used 58303K [0x00000000eab00000, 0x0000000100000000, 0x0000000100000000)
  eden space 169984K, 0% used [0x00000000eab00000,0x00000000eab00000,0x00000000f5100000)
  from space 68096K, 85% used [0x00000000fbd80000,0x00000000ff66fce0,0x0000000100000000)
  to   space 89600K, 0% used [0x00000000f5100000,0x00000000f5100000,0x00000000fa880000)
 ParOldGen       total 230400K, used 229823K [0x00000000c0000000, 0x00000000ce100000, 0x00000000eab00000)
  object space 230400K, 99% used [0x00000000c0000000,0x00000000ce06ff70,0x00000000ce100000)
 Metaspace       used 6669K, capacity 7320K, committed 7680K, reserved 1056768K
  class space    used 630K, capacity 656K, committed 768K, reserved 1048576K

