# JRE version: Java(TM) SE Runtime Environment (8.0_151-b12) (build 1.8.0_151-b12)
# Java VM: Java HotSpot(TM) 64-Bit Server VM (25.151-b12 mixed mode linux-amd64 compressed oops)
Heap:
 PSYoungGen      total 239616K, used 8997K [0x00000000eab00000, 0x0000000100000000, 0x0000000100000000)
  eden space 167936K, 0% used [0x00000000eab00000,0x00000000eab00000,0x00000000f4f00000)
  from space 71680K, 12% used [0x00000000fba00000,0x00000000fc2c9480,0x0000000100000000)
  to   space 90624K, 0% used [0x00000000f4f00000,0x00000000f4f00000,0x00000000fa780000)
 ParOldGen       total 285696K, used 285426K [0x00000000c0000000, 0x00000000d1700000, 0x00000000eab00000)
  object space 285696K, 99% used [0x00000000c0000000,0x00000000d16bc940,0x00000000d1700000)
 Metaspace       used 6661K, capacity 7320K, committed 7680K, reserved 1056768K
  class space    used 630K, capacity 656K, committed 768K, reserved 1048576K
GC Heap History (10 events):
Event: 24.062 GC heap after
Heap after GC invocations=15 (full 2):
 PSYoungGen      total 282624K, used 31441K [0x00000000eab00000, 0x0000000100000000, 0x0000000100000000)
  eden space 216064K, 0% used [0x00000000eab00000,0x00000000eab00000,0x00000000f7e00000)
  from space 66560K, 47% used [0x00000000f7e00000,0x00000000f9cb4458,0x00000000fbf00000)
  to   space 64512K, 0% used [0x00000000fc100000,0x00000000fc100000,0x0000000100000000)
 ParOldGen       total 179712K, used 178316K [0x00000000c0000000, 0x00000000caf80000, 0x00000000eab00000)
  object space 179712K, 99% used [0x00000000c0000000,0x00000000cae23038,0x00000000caf80000)
 Metaspace       used 6647K, capacity 7320K, committed 7680K, reserved 1056768K
  class space    used 630K, capacity 656K, committed 768K, reserved 1048576K
}
Event: 24.062 GC heap before
{Heap before GC invocations=16 (full 3):
 PSYoungGen      total 282624K, used 31441K [0x00000000eab00000, 0x0000000100000000, 0x0000000100000000)
  eden space 216064K, 0% used [0x00000000eab00000,0x00000000eab00000,0x00000000f7e00000)
  from space 66560K, 47% used [0x00000000f7e00000,0x00000000f9cb4458,0x00000000fbf00000)
  to   space 64512K, 0% used [0x00000000fc100000,0x00000000fc100000,0x0000000100000000)
 ParOldGen       total 179712K, used 178316K [0x00000000c0000000, 0x00000000caf80000, 0x00000000eab00000)
  object space 179712K, 99% used [0x00000000c0000000,0x00000000cae23038,0x00000000caf80000)
 Metaspace       used 6647K, capacity 7320K, committed 7680K, reserved 1056768K
  class space    used 630K, capacity 656K, committed 768K, reserved 1048576K
Event: 30.700 GC heap after
Heap after GC invocations=16 (full 3):
 PSYoungGen      total 282624K, used 25116K [0x00000000eab00000, 0x0000000100000000, 0x0000000100000000)
  eden space 216064K, 0% used [0x00000000eab00000,0x00000000eab00000,0x00000000f7e00000)
  from space 66560K, 37% used [0x00000000f7e00000,0x00000000f9687110,0x00000000fbf00000)
  to   space 64512K, 0% used [0x00000000fc100000,0x00000000fc100000,0x0000000100000000)
 ParOldGen       total 285696K, used 179520K [0x00000000c0000000, 0x00000000d1700000, 0x00000000eab00000)
  object space 285696K, 62% used [0x00000000c0000000,0x00000000caf501f0,0x00000000d1700000)
 Metaspace       used 6647K, capacity 7320K, committed 7680K, reserved 1056768K
  class space    used 630K, capacity 656K, committed 768K, reserved 1048576K
}
Event: 33.759 GC heap before
{Heap before GC invocations=17 (full 3):
 PSYoungGen      total 282624K, used 241180K [0x00000000eab00000, 0x0000000100000000, 0x0000000100000000)
  eden space 216064K, 100% used [0x00000000eab00000,0x00000000f7e00000,0x00000000f7e00000)
  from space 66560K, 37% used [0x00000000f7e00000,0x00000000f9687110,0x00000000fbf00000)
  to   space 64512K, 0% used [0x00000000fc100000,0x00000000fc100000,0x0000000100000000)
 ParOldGen       total 285696K, used 179520K [0x00000000c0000000, 0x00000000d1700000, 0x00000000eab00000)
  object space 285696K, 62% used [0x00000000c0000000,0x00000000caf501f0,0x00000000d1700000)
 Metaspace       used 6655K, capacity 7320K, committed 7680K, reserved 1056768K
  class space    used 630K, capacity 656K, committed 768K, reserved 1048576K
Event: 34.293 GC heap after
Heap after GC invocations=17 (full 3):
 PSYoungGen      total 270336K, used 56635K [0x00000000eab00000, 0x0000000100000000, 0x0000000100000000)
  eden space 205824K, 0% used [0x00000000eab00000,0x00000000eab00000,0x00000000f7400000)
  from space 64512K, 87% used [0x00000000fc100000,0x00000000ff84ef78,0x0000000100000000)
  to   space 71680K, 0% used [0x00000000f7400000,0x00000000f7400000,0x00000000fba00000)
 ParOldGen       total 285696K, used 179520K [0x00000000c0000000, 0x00000000d1700000, 0x00000000eab00000)
  object space 285696K, 62% used [0x00000000c0000000,0x00000000caf501f0,0x00000000d1700000)
 Metaspace       used 6655K, capacity 7320K, committed 7680K, reserved 1056768K
  class space    used 630K, capacity 656K, committed 768K, reserved 1048576K
}
Event: 36.803 GC heap before
{Heap before GC invocations=18 (full 3):
 PSYoungGen      total 270336K, used 262459K [0x00000000eab00000, 0x0000000100000000, 0x0000000100000000)
  eden space 205824K, 100% used [0x00000000eab00000,0x00000000f7400000,0x00000000f7400000)
  from space 64512K, 87% used [0x00000000fc100000,0x00000000ff84ef78,0x0000000100000000)
  to   space 71680K, 0% used [0x00000000f7400000,0x00000000f7400000,0x00000000fba00000)
 ParOldGen       total 285696K, used 179520K [0x00000000c0000000, 0x00000000d1700000, 0x00000000eab00000)
  object space 285696K, 62% used [0x00000000c0000000,0x00000000caf501f0,0x00000000d1700000)
 Metaspace       used 6661K, capacity 7320K, committed 7680K, reserved 1056768K
  class space    used 630K, capacity 656K, committed 768K, reserved 1048576K
Event: 37.247 GC heap after
Heap after GC invocations=18 (full 3):
 PSYoungGen      total 277504K, used 71657K [0x00000000eab00000, 0x0000000100000000, 0x0000000100000000)
  eden space 205824K, 0% used [0x00000000eab00000,0x00000000eab00000,0x00000000f7400000)
  from space 71680K, 99% used [0x00000000f7400000,0x00000000fb9fa7b0,0x00000000fba00000)
  to   space 71680K, 0% used [0x00000000fba00000,0x00000000fba00000,0x0000000100000000)
 ParOldGen       total 285696K, used 192220K [0x00000000c0000000, 0x00000000d1700000, 0x00000000eab00000)
  object space 285696K, 67% used [0x00000000c0000000,0x00000000cbbb7018,0x00000000d1700000)
 Metaspace       used 6661K, capacity 7320K, committed 7680K, reserved 1056768K
  class space    used 630K, capacity 656K, committed 768K, reserved 1048576K
}
Event: 39.635 GC heap before
{Heap before GC invocations=19 (full 3):
 PSYoungGen      total 277504K, used 277481K [0x00000000eab00000, 0x0000000100000000, 0x0000000100000000)
  eden space 205824K, 100% used [0x00000000eab00000,0x00000000f7400000,0x00000000f7400000)
  from space 71680K, 99% used [0x00000000f7400000,0x00000000fb9fa7b0,0x00000000fba00000)
  to   space 71680K, 0% used [0x00000000fba00000,0x00000000fba00000,0x0000000100000000)
 ParOldGen       total 285696K, used 192220K [0x00000000c0000000, 0x00000000d1700000, 0x00000000eab00000)
  object space 285696K, 67% used [0x00000000c0000000,0x00000000cbbb7018,0x00000000d1700000)
 Metaspace       used 6661K, capacity 7320K, committed 7680K, reserved 1056768K
  class space    used 630K, capacity 656K, committed 768K, reserved 1048576K
Event: 40.196 GC heap after
Heap after GC invocations=19 (full 3):
 PSYoungGen      total 239616K, used 56292K [0x00000000eab00000, 0x0000000100000000, 0x0000000100000000)
  eden space 167936K, 0% used [0x00000000eab00000,0x00000000eab00000,0x00000000f4f00000)
  from space 71680K, 78% used [0x00000000fba00000,0x00000000ff0f9248,0x0000000100000000)
  to   space 90624K, 0% used [0x00000000f4f00000,0x00000000f4f00000,0x00000000fa780000)
 ParOldGen       total 285696K, used 241345K [0x00000000c0000000, 0x00000000d1700000, 0x00000000eab00000)
  object space 285696K, 84% used [0x00000000c0000000,0x00000000cebb06d8,0x00000000d1700000)
 Metaspace       used 6661K, capacity 7320K, committed 7680K, reserved 1056768K
  class space    used 630K, capacity 656K, committed 768K, reserved 1048576K
}
Event: 40.196 GC heap before
{Heap before GC invocations=20 (full 4):
 PSYoungGen      total 239616K, used 56292K [0x00000000eab00000, 0x0000000100000000, 0x0000000100000000)
  eden space 167936K, 0% used [0x00000000eab00000,0x00000000eab00000,0x00000000f4f00000)
  from space 71680K, 78% used [0x00000000fba00000,0x00000000ff0f9248,0x0000000100000000)
  to   space 90624K, 0% used [0x00000000f4f00000,0x00000000f4f00000,0x00000000fa780000)
 ParOldGen       total 285696K, used 241345K [0x00000000c0000000, 0x00000000d1700000, 0x00000000eab00000)
  object space 285696K, 84% used [0x00000000c0000000,0x00000000cebb06d8,0x00000000d1700000)
 Metaspace       used 6661K, capacity 7320K, committed 7680K, reserved 1056768K
  class space    used 630K, capacity 656K, committed 768K, reserved 1048576K

